2025.03.25 19:00:46 INFO  Started: Metals version 1.5.1 in folders '/home/janszczyrek/git/e-biz/2/shop' for client Visual Studio Code 1.98.2.[0m
Mar 25, 2025 7:00:49 PM org.eclipse.lsp4j.jsonrpc.services.GenericEndpoint notify
INFO: Unsupported notification method: $/setTrace
2025.03.25 19:00:50 INFO  Attempting to connect to the build server...[0m
2025.03.25 19:00:50 INFO  No running Bloop server found, starting one.[0m
2025.03.25 19:00:52 INFO  Starting compilation server[0m
Mar 25, 2025 7:00:53 PM org.eclipse.lsp4j.jsonrpc.services.GenericEndpoint notify
WARNING: Unsupported notification method: metals/windowStateDidChange
2025.03.25 19:00:54 INFO  tracing is disabled for protocol BSP, to enable tracing of incoming and outgoing JSON messages create an empty file at /home/janszczyrek/git/e-biz/2/shop/.metals/bsp.trace.json or /home/janszczyrek/.cache/metals/bsp.trace.json[0m
2025.03.25 19:00:56 INFO  time: Connected to build server in 5.95s[0m
2025.03.25 19:00:56 INFO  Connected to Build server: Bloop v2.0.8[0m
2025.03.25 19:00:56 INFO  time: Imported build in 0.48s[0m
2025.03.25 19:00:56 INFO  running doctor check[0m
2025.03.25 19:00:56 INFO  java targets: root-test, root[0m
2025.03.25 19:00:59 WARN  Could not find java sources in /usr/lib/jvm/src.zip, /usr/lib/jvm/lib/src.zip, /usr/lib/jvm/java-21-openjdk-amd64/src.zip, /usr/lib/jvm/java-21-openjdk-amd64/lib/src.zip. Java symbols will not be available.[0m
2025.03.25 19:01:14 WARN  Could not find java sources in /usr/lib/jvm/src.zip, /usr/lib/jvm/lib/src.zip, /usr/lib/jvm/java-21-openjdk-amd64/src.zip, /usr/lib/jvm/java-21-openjdk-amd64/lib/src.zip. Java symbols will not be available.[0m
2025.03.25 19:01:14 INFO  time: indexed workspace in 16s[0m
Mar 25, 2025 7:01:42 PM org.eclipse.lsp4j.jsonrpc.services.GenericEndpoint notify
WARNING: Unsupported notification method: metals/windowStateDidChange
Mar 25, 2025 7:02:11 PM org.eclipse.lsp4j.jsonrpc.services.GenericEndpoint notify
WARNING: Unsupported notification method: metals/windowStateDidChange
Mar 25, 2025 7:02:11 PM org.eclipse.lsp4j.jsonrpc.services.GenericEndpoint notify
WARNING: Unsupported notification method: metals/windowStateDidChange
2025.03.25 19:02:15 INFO  compiling root (8 scala sources and 1 java source)[0m
2025.03.25 19:02:25 INFO  time: compiled root in 9.71s[0m
Mar 25, 2025 7:02:26 PM org.eclipse.lsp4j.jsonrpc.services.GenericEndpoint notify
WARNING: Unsupported notification method: metals/windowStateDidChange
Mar 25, 2025 7:03:21 PM org.eclipse.lsp4j.jsonrpc.services.GenericEndpoint notify
WARNING: Unsupported notification method: metals/windowStateDidChange
Mar 25, 2025 7:05:22 PM org.eclipse.lsp4j.jsonrpc.services.GenericEndpoint notify
WARNING: Unsupported notification method: metals/windowStateDidChange
Mar 25, 2025 7:05:22 PM org.eclipse.lsp4j.jsonrpc.services.GenericEndpoint notify
WARNING: Unsupported notification method: metals/windowStateDidChange
Mar 25, 2025 7:06:26 PM org.eclipse.lsp4j.jsonrpc.services.GenericEndpoint notify
WARNING: Unsupported notification method: metals/windowStateDidChange
Mar 25, 2025 7:07:02 PM org.eclipse.lsp4j.jsonrpc.services.GenericEndpoint notify
WARNING: Unsupported notification method: metals/windowStateDidChange
Mar 25, 2025 7:07:11 PM org.eclipse.lsp4j.jsonrpc.services.GenericEndpoint notify
WARNING: Unsupported notification method: metals/windowStateDidChange
Mar 25, 2025 7:07:11 PM org.eclipse.lsp4j.jsonrpc.services.GenericEndpoint notify
WARNING: Unsupported notification method: metals/windowStateDidChange
2025.03.25 19:07:21 INFO  compiling root (1 scala source)[0m
2025.03.25 19:07:22 INFO  time: compiled root in 1.1s[0m
Mar 25, 2025 7:09:03 PM org.eclipse.lsp4j.jsonrpc.services.GenericEndpoint notify
WARNING: Unsupported notification method: metals/windowStateDidChange
Mar 25, 2025 7:09:47 PM org.eclipse.lsp4j.jsonrpc.services.GenericEndpoint notify
WARNING: Unsupported notification method: metals/windowStateDidChange
Mar 25, 2025 7:09:57 PM org.eclipse.lsp4j.jsonrpc.RemoteEndpoint handleCancellation
WARNING: Unmatched cancel notification for request id 259
Mar 25, 2025 7:10:23 PM org.eclipse.lsp4j.jsonrpc.services.GenericEndpoint notify
WARNING: Unsupported notification method: metals/windowStateDidChange
Mar 25, 2025 7:10:30 PM org.eclipse.lsp4j.jsonrpc.services.GenericEndpoint notify
WARNING: Unsupported notification method: metals/windowStateDidChange
2025.03.25 19:10:33 INFO  time: compiled root in 31ms[0m
Mar 25, 2025 7:10:37 PM org.eclipse.lsp4j.jsonrpc.services.GenericEndpoint notify
WARNING: Unsupported notification method: metals/windowStateDidChange
Mar 25, 2025 7:11:23 PM org.eclipse.lsp4j.jsonrpc.services.GenericEndpoint notify
WARNING: Unsupported notification method: metals/windowStateDidChange
Mar 25, 2025 7:11:26 PM scala.meta.internal.metals.StdReporter $anonfun$create$1
SEVERE: empty definition using pc, found symbol in pc:  (full report at: /home/janszczyrek/git/e-biz/2/shop/.metals/.reports/metals-full/2025-03-25/r_empty-definition_(root)_19-11-26-474.md)
Mar 25, 2025 7:11:31 PM org.eclipse.lsp4j.jsonrpc.RemoteEndpoint handleCancellation
WARNING: Unmatched cancel notification for request id 393
Mar 25, 2025 7:11:47 PM scala.meta.internal.metals.StdReporter $anonfun$create$1
SEVERE: empty definition using pc, found symbol in pc:  (full report at: /home/janszczyrek/git/e-biz/2/shop/.metals/.reports/metals-full/2025-03-25/r_empty-definition_(root)_19-11-26-474.md)
Mar 25, 2025 7:11:50 PM scala.meta.internal.metals.StdReporter $anonfun$create$1
SEVERE: empty definition using pc, found symbol in pc:  (full report at: /home/janszczyrek/git/e-biz/2/shop/.metals/.reports/metals-full/2025-03-25/r_empty-definition_(root)_19-11-26-474.md)
Mar 25, 2025 7:12:37 PM org.eclipse.lsp4j.jsonrpc.RemoteEndpoint handleCancellation
WARNING: Unmatched cancel notification for request id 647
2025.03.25 19:13:03 INFO  compiling root (1 scala source)[0m
2025.03.25 19:13:05 INFO  time: compiled root in 2.1s[0m
Mar 25, 2025 7:14:04 PM org.eclipse.lsp4j.jsonrpc.services.GenericEndpoint notify
WARNING: Unsupported notification method: metals/windowStateDidChange
2025.03.25 19:14:35 INFO  compiling root (3 scala sources)[0m
2025.03.25 19:14:38 INFO  time: compiled root in 2.52s[0m
2025.03.25 19:14:38 INFO  compiling root (1 java source)[0m
2025.03.25 19:14:39 INFO  time: compiled root in 1.71s[0m
Mar 25, 2025 7:14:40 PM org.eclipse.lsp4j.jsonrpc.services.GenericEndpoint notify
WARNING: Unsupported notification method: metals/windowStateDidChange
Mar 25, 2025 7:14:40 PM org.eclipse.lsp4j.jsonrpc.services.GenericEndpoint notify
WARNING: Unsupported notification method: metals/windowStateDidChange
Mar 25, 2025 7:15:03 PM org.eclipse.lsp4j.jsonrpc.services.GenericEndpoint notify
WARNING: Unsupported notification method: metals/windowStateDidChange
Mar 25, 2025 7:15:31 PM org.eclipse.lsp4j.jsonrpc.services.GenericEndpoint notify
WARNING: Unsupported notification method: metals/windowStateDidChange
Mar 25, 2025 7:15:31 PM org.eclipse.lsp4j.jsonrpc.services.GenericEndpoint notify
WARNING: Unsupported notification method: metals/windowStateDidChange
2025.03.25 19:15:51 INFO  compiling root (1 scala source)[0m
2025.03.25 19:15:52 INFO  time: compiled root in 1.12s[0m
2025.03.25 19:16:36 INFO  compiling root (1 scala source)[0m
2025.03.25 19:16:37 INFO  time: compiled root in 1.14s[0m
Mar 25, 2025 7:16:37 PM org.eclipse.lsp4j.jsonrpc.services.GenericEndpoint notify
WARNING: Unsupported notification method: metals/windowStateDidChange
Mar 25, 2025 7:16:45 PM org.eclipse.lsp4j.jsonrpc.services.GenericEndpoint notify
WARNING: Unsupported notification method: metals/windowStateDidChange
2025.03.25 19:18:07 INFO  compiling root (1 scala source)[0m
2025.03.25 19:18:07 INFO  time: compiled root in 0.14s[0m
Mar 25, 2025 7:19:23 PM org.eclipse.lsp4j.jsonrpc.services.GenericEndpoint notify
WARNING: Unsupported notification method: metals/windowStateDidChange
Mar 25, 2025 7:19:42 PM org.eclipse.lsp4j.jsonrpc.services.GenericEndpoint notify
WARNING: Unsupported notification method: metals/windowStateDidChange
Mar 25, 2025 7:20:09 PM org.eclipse.lsp4j.jsonrpc.services.GenericEndpoint notify
WARNING: Unsupported notification method: metals/windowStateDidChange
Mar 25, 2025 7:20:41 PM org.eclipse.lsp4j.jsonrpc.services.GenericEndpoint notify
WARNING: Unsupported notification method: metals/windowStateDidChange
Mar 25, 2025 7:20:50 PM org.eclipse.lsp4j.jsonrpc.services.GenericEndpoint notify
WARNING: Unsupported notification method: metals/windowStateDidChange
Mar 25, 2025 7:20:50 PM org.eclipse.lsp4j.jsonrpc.services.GenericEndpoint notify
WARNING: Unsupported notification method: metals/windowStateDidChange
2025.03.25 19:21:06 INFO  compiling root (1 scala source)[0m
2025.03.25 19:21:08 INFO  time: compiled root in 1.56s[0m
2025.03.25 19:21:08 INFO  compiling root (1 scala source)[0m
2025.03.25 19:21:08 INFO  time: compiled root in 0.29s[0m
Mar 25, 2025 7:21:23 PM org.eclipse.lsp4j.jsonrpc.services.GenericEndpoint notify
WARNING: Unsupported notification method: metals/windowStateDidChange
2025.03.25 19:21:39 INFO  compiling root (4 scala sources)[0m
2025.03.25 19:21:41 INFO  time: compiled root in 1.95s[0m
2025.03.25 19:21:41 INFO  compiling root (1 scala source and 1 java source)[0m
2025.03.25 19:21:44 INFO  time: compiled root in 3.12s[0m
Mar 25, 2025 7:21:53 PM org.eclipse.lsp4j.jsonrpc.services.GenericEndpoint notify
WARNING: Unsupported notification method: metals/windowStateDidChange
Mar 25, 2025 7:21:54 PM org.eclipse.lsp4j.jsonrpc.services.GenericEndpoint notify
WARNING: Unsupported notification method: metals/windowStateDidChange
Mar 25, 2025 7:21:54 PM org.eclipse.lsp4j.jsonrpc.services.GenericEndpoint notify
WARNING: Unsupported notification method: metals/windowStateDidChange
Mar 25, 2025 7:21:56 PM org.eclipse.lsp4j.jsonrpc.services.GenericEndpoint notify
WARNING: Unsupported notification method: metals/windowStateDidChange
